C:\Users\Admin\source\repos\rregulloje\Rregulloje.UI\RregullojeWebAPI\dist\out-tsc\e2e\src\app.po.js
C:\Users\Admin\source\repos\rregulloje\Rregulloje.UI\RregullojeWebAPI\dist\out-tsc\e2e\src\app.po.js.map
C:\Users\Admin\source\repos\rregulloje\Rregulloje.UI\RregullojeWebAPI\dist\out-tsc\e2e\src\app.e2e-spec.js
C:\Users\Admin\source\repos\rregulloje\Rregulloje.UI\RregullojeWebAPI\dist\out-tsc\e2e\src\app.e2e-spec.js.map
C:\Users\Admin\source\repos\rregulloje\Rregulloje.UI\RregullojeWebAPI\dist\out-tsc\src\environments\environment.js
C:\Users\Admin\source\repos\rregulloje\Rregulloje.UI\RregullojeWebAPI\dist\out-tsc\src\environments\environment.js.map
C:\Users\Admin\source\repos\rregulloje\Rregulloje.UI\RregullojeWebAPI\dist\out-tsc\src\app\_ViewModels\CompanyViewModel.js
C:\Users\Admin\source\repos\rregulloje\Rregulloje.UI\RregullojeWebAPI\dist\out-tsc\src\app\_ViewModels\CompanyViewModel.js.map
C:\Users\Admin\source\repos\rregulloje\Rregulloje.UI\RregullojeWebAPI\dist\out-tsc\src\app\_Services\company.service.js
C:\Users\Admin\source\repos\rregulloje\Rregulloje.UI\RregullojeWebAPI\dist\out-tsc\src\app\_Services\company.service.js.map
C:\Users\Admin\source\repos\rregulloje\Rregulloje.UI\RregullojeWebAPI\dist\out-tsc\src\app\company\company.component.js
C:\Users\Admin\source\repos\rregulloje\Rregulloje.UI\RregullojeWebAPI\dist\out-tsc\src\app\company\company.component.js.map
C:\Users\Admin\source\repos\rregulloje\Rregulloje.UI\RregullojeWebAPI\dist\out-tsc\src\app\_ViewModels\UserMessageEmailViewModel.js
C:\Users\Admin\source\repos\rregulloje\Rregulloje.UI\RregullojeWebAPI\dist\out-tsc\src\app\_ViewModels\UserMessageEmailViewModel.js.map
C:\Users\Admin\source\repos\rregulloje\Rregulloje.UI\RregullojeWebAPI\dist\out-tsc\src\app\_Services\settings.service.js
C:\Users\Admin\source\repos\rregulloje\Rregulloje.UI\RregullojeWebAPI\dist\out-tsc\src\app\_Services\settings.service.js.map
C:\Users\Admin\source\repos\rregulloje\Rregulloje.UI\RregullojeWebAPI\dist\out-tsc\src\app\contact-us\contact-us.component.js
C:\Users\Admin\source\repos\rregulloje\Rregulloje.UI\RregullojeWebAPI\dist\out-tsc\src\app\contact-us\contact-us.component.js.map
C:\Users\Admin\source\repos\rregulloje\Rregulloje.UI\RregullojeWebAPI\dist\out-tsc\src\app\footer\footer.component.js
C:\Users\Admin\source\repos\rregulloje\Rregulloje.UI\RregullojeWebAPI\dist\out-tsc\src\app\footer\footer.component.js.map
C:\Users\Admin\source\repos\rregulloje\Rregulloje.UI\RregullojeWebAPI\dist\out-tsc\src\app\home\home.component.js
C:\Users\Admin\source\repos\rregulloje\Rregulloje.UI\RregullojeWebAPI\dist\out-tsc\src\app\home\home.component.js.map
C:\Users\Admin\source\repos\rregulloje\Rregulloje.UI\RregullojeWebAPI\dist\out-tsc\src\app\_ViewModels\ServiceViewModel.js
C:\Users\Admin\source\repos\rregulloje\Rregulloje.UI\RregullojeWebAPI\dist\out-tsc\src\app\_ViewModels\ServiceViewModel.js.map
C:\Users\Admin\source\repos\rregulloje\Rregulloje.UI\RregullojeWebAPI\dist\out-tsc\src\app\_Services\service.service.js
C:\Users\Admin\source\repos\rregulloje\Rregulloje.UI\RregullojeWebAPI\dist\out-tsc\src\app\_Services\service.service.js.map
C:\Users\Admin\source\repos\rregulloje\Rregulloje.UI\RregullojeWebAPI\dist\out-tsc\src\app\services\services.component.js
C:\Users\Admin\source\repos\rregulloje\Rregulloje.UI\RregullojeWebAPI\dist\out-tsc\src\app\services\services.component.js.map
C:\Users\Admin\source\repos\rregulloje\Rregulloje.UI\RregullojeWebAPI\dist\out-tsc\src\app\app-routing.module.js
C:\Users\Admin\source\repos\rregulloje\Rregulloje.UI\RregullojeWebAPI\dist\out-tsc\src\app\app-routing.module.js.map
C:\Users\Admin\source\repos\rregulloje\Rregulloje.UI\RregullojeWebAPI\dist\out-tsc\src\app\app.component.js
C:\Users\Admin\source\repos\rregulloje\Rregulloje.UI\RregullojeWebAPI\dist\out-tsc\src\app\app.component.js.map
C:\Users\Admin\source\repos\rregulloje\Rregulloje.UI\RregullojeWebAPI\dist\out-tsc\src\app\nav-bar\nav-bar.component.js
C:\Users\Admin\source\repos\rregulloje\Rregulloje.UI\RregullojeWebAPI\dist\out-tsc\src\app\nav-bar\nav-bar.component.js.map
C:\Users\Admin\source\repos\rregulloje\Rregulloje.UI\RregullojeWebAPI\dist\out-tsc\src\app\app.module.js
C:\Users\Admin\source\repos\rregulloje\Rregulloje.UI\RregullojeWebAPI\dist\out-tsc\src\app\app.module.js.map
C:\Users\Admin\source\repos\rregulloje\Rregulloje.UI\RregullojeWebAPI\dist\out-tsc\src\main.js
C:\Users\Admin\source\repos\rregulloje\Rregulloje.UI\RregullojeWebAPI\dist\out-tsc\src\main.js.map
C:\Users\Admin\source\repos\rregulloje\Rregulloje.UI\RregullojeWebAPI\dist\out-tsc\src\polyfills.js
C:\Users\Admin\source\repos\rregulloje\Rregulloje.UI\RregullojeWebAPI\dist\out-tsc\src\polyfills.js.map
C:\Users\Admin\source\repos\rregulloje\Rregulloje.UI\RregullojeWebAPI\dist\out-tsc\src\test.js
C:\Users\Admin\source\repos\rregulloje\Rregulloje.UI\RregullojeWebAPI\dist\out-tsc\src\test.js.map
C:\Users\Admin\source\repos\rregulloje\Rregulloje.UI\RregullojeWebAPI\dist\out-tsc\src\app\app.component.spec.js
C:\Users\Admin\source\repos\rregulloje\Rregulloje.UI\RregullojeWebAPI\dist\out-tsc\src\app\app.component.spec.js.map
C:\Users\Admin\source\repos\rregulloje\Rregulloje.UI\RregullojeWebAPI\dist\out-tsc\src\app\_Services\company.service.spec.js
C:\Users\Admin\source\repos\rregulloje\Rregulloje.UI\RregullojeWebAPI\dist\out-tsc\src\app\_Services\company.service.spec.js.map
C:\Users\Admin\source\repos\rregulloje\Rregulloje.UI\RregullojeWebAPI\dist\out-tsc\src\app\_Services\service.service.spec.js
C:\Users\Admin\source\repos\rregulloje\Rregulloje.UI\RregullojeWebAPI\dist\out-tsc\src\app\_Services\service.service.spec.js.map
C:\Users\Admin\source\repos\rregulloje\Rregulloje.UI\RregullojeWebAPI\dist\out-tsc\src\app\_Services\settings.service.spec.js
C:\Users\Admin\source\repos\rregulloje\Rregulloje.UI\RregullojeWebAPI\dist\out-tsc\src\app\_Services\settings.service.spec.js.map
C:\Users\Admin\source\repos\rregulloje\Rregulloje.UI\RregullojeWebAPI\dist\out-tsc\src\app\company\company.component.spec.js
C:\Users\Admin\source\repos\rregulloje\Rregulloje.UI\RregullojeWebAPI\dist\out-tsc\src\app\company\company.component.spec.js.map
C:\Users\Admin\source\repos\rregulloje\Rregulloje.UI\RregullojeWebAPI\dist\out-tsc\src\app\contact-us\contact-us.component.spec.js
C:\Users\Admin\source\repos\rregulloje\Rregulloje.UI\RregullojeWebAPI\dist\out-tsc\src\app\contact-us\contact-us.component.spec.js.map
C:\Users\Admin\source\repos\rregulloje\Rregulloje.UI\RregullojeWebAPI\dist\out-tsc\src\app\footer\footer.component.spec.js
C:\Users\Admin\source\repos\rregulloje\Rregulloje.UI\RregullojeWebAPI\dist\out-tsc\src\app\footer\footer.component.spec.js.map
C:\Users\Admin\source\repos\rregulloje\Rregulloje.UI\RregullojeWebAPI\dist\out-tsc\src\app\home\home.component.spec.js
C:\Users\Admin\source\repos\rregulloje\Rregulloje.UI\RregullojeWebAPI\dist\out-tsc\src\app\home\home.component.spec.js.map
C:\Users\Admin\source\repos\rregulloje\Rregulloje.UI\RregullojeWebAPI\dist\out-tsc\src\app\nav-bar\nav-bar.component.spec.js
C:\Users\Admin\source\repos\rregulloje\Rregulloje.UI\RregullojeWebAPI\dist\out-tsc\src\app\nav-bar\nav-bar.component.spec.js.map
C:\Users\Admin\source\repos\rregulloje\Rregulloje.UI\RregullojeWebAPI\dist\out-tsc\src\app\services\services.component.spec.js
C:\Users\Admin\source\repos\rregulloje\Rregulloje.UI\RregullojeWebAPI\dist\out-tsc\src\app\services\services.component.spec.js.map
C:\Users\Admin\source\repos\rregulloje\Rregulloje.UI\RregullojeWebAPI\dist\out-tsc\src\environments\environment.prod.js
C:\Users\Admin\source\repos\rregulloje\Rregulloje.UI\RregullojeWebAPI\dist\out-tsc\src\environments\environment.prod.js.map
